2023-05-29 12:56:45,316 INFO:VentaTDTC() se ejecutó correctamente
2023-05-29 12:56:45,379 INFO:VentaCuota() se ejecutó correctamente
2023-05-29 12:56:45,423 INFO:VentaQR() se ejecutó correctamente
2023-05-29 12:56:45,546 INFO:VentaSaldo() se ejecutó correctamente
2023-05-29 12:56:45,642 INFO:Billeteras() se ejecutó correctamente
2023-05-29 12:56:45,662 INFO:OpSinTarjeta() se ejecutó correctamente
2023-05-29 12:56:45,732 INFO:TransaccionesAgiles() se ejecutó correctamente
2023-05-29 12:56:45,759 INFO:VentaVuelto() se ejecutó correctamente
2023-05-29 12:56:45,779 INFO:VentaTarjetasInternacionales() se ejecutó correctamente
2023-05-29 12:56:45,796 INFO:InfonetCobranzas() se ejecutó correctamente
2023-05-29 12:56:45,835 INFO:Anulaciones() se ejecutó correctamente
2023-05-29 12:56:45,863 INFO:Lealtad() se ejecutó correctamente
2023-05-29 12:56:45,914 INFO:El programa se ejecutó y finalizó correctamente!

2023-05-29 12:56:54,150 INFO:VentaTDTC() se ejecutó correctamente
2023-05-29 12:56:54,214 INFO:VentaCuota() se ejecutó correctamente
2023-05-29 12:56:54,257 INFO:VentaQR() se ejecutó correctamente
2023-05-29 12:56:54,384 INFO:VentaSaldo() se ejecutó correctamente
2023-05-29 12:56:54,488 INFO:Billeteras() se ejecutó correctamente
2023-05-29 12:56:54,510 INFO:OpSinTarjeta() se ejecutó correctamente
2023-05-29 12:56:54,583 INFO:TransaccionesAgiles() se ejecutó correctamente
2023-05-29 12:56:54,611 INFO:VentaVuelto() se ejecutó correctamente
2023-05-29 12:56:54,631 INFO:VentaTarjetasInternacionales() se ejecutó correctamente
2023-05-29 12:56:54,648 INFO:InfonetCobranzas() se ejecutó correctamente
2023-05-29 12:56:54,691 INFO:Anulaciones() se ejecutó correctamente
2023-05-29 12:56:54,720 INFO:Lealtad() se ejecutó correctamente
2023-05-29 12:56:54,760 INFO:El programa se ejecutó y finalizó correctamente!

